#
# There is insufficient memory for the Java Runtime Environment to continue.
# Native memory allocation (malloc) failed to allocate 429456 bytes for Chunk::new
# Possible reasons:
#   The system is out of physical RAM or swap space
#   The process is running with CompressedOops enabled, and the Java Heap may be blocking the growth of the native heap
# Possible solutions:
#   Reduce memory load on the system
#   Increase physical memory or swap space
#   Check if swap backing store is full
#   Decrease Java heap size (-Xmx/-Xms)
#   Decrease number of Java threads
#   Decrease Java thread stack sizes (-Xss)
#   Set larger code cache with -XX:ReservedCodeCacheSize=
#   JVM is running with Unscaled Compressed Oops mode in which the Java heap is
#     placed in the first 4GB address space. The Java Heap base address is the
#     maximum limit for the native heap growth. Please use -XX:HeapBaseMinAddress
#     to set the Java Heap base and to place the Java Heap above 4GB virtual address.
# This output file may be truncated or incomplete.
#
#  Out of Memory Error (./src/hotspot/share/memory/arena.cpp:197), pid=26464, tid=26580
#
# JRE version: OpenJDK Runtime Environment (11.0.13) (build 11.0.13+0-b1751.21-8125866)
# Java VM: OpenJDK 64-Bit Server VM (11.0.13+0-b1751.21-8125866, mixed mode, tiered, compressed oops, g1 gc, windows-amd64)
# No core dump will be written. Minidumps are not enabled by default on client versions of Windows
#

---------------  S U M M A R Y ------------

Command Line: --add-opens=java.base/java.util=ALL-UNNAMED --add-opens=java.base/java.lang=ALL-UNNAMED --add-opens=java.base/java.lang.invoke=ALL-UNNAMED --add-opens=java.base/java.util=ALL-UNNAMED --add-opens=java.prefs/java.util.prefs=ALL-UNNAMED --add-opens=java.prefs/java.util.prefs=ALL-UNNAMED --add-opens=java.base/java.nio.charset=ALL-UNNAMED --add-opens=java.base/java.net=ALL-UNNAMED --add-opens=java.base/java.util.concurrent.atomic=ALL-UNNAMED -Xmx2048m -Dfile.encoding=UTF-8 -Duser.country=BR -Duser.language=pt -Duser.variant org.gradle.launcher.daemon.bootstrap.GradleDaemon 7.4

Host: AMD Ryzen 5 5500U with Radeon Graphics         , 12 cores, 5G,  Windows 11 , 64 bit Build 22621 (10.0.22621.5262)
Time: Mon Jun  2 21:35:31 2025 Hora oficial do Brasil elapsed time: 23.839599 seconds (0d 0h 0m 23s)

---------------  T H R E A D  ---------------

Current thread (0x0000022a249e7800):  JavaThread "C2 CompilerThread0" daemon [_thread_in_native, id=26580, stack(0x000000cde5d00000,0x000000cde5e00000)]


Current CompileTask:
C2:  23839 5090       4       sun.nio.fs.WindowsPathParser::normalize (233 bytes)

Stack: [0x000000cde5d00000,0x000000cde5e00000]
Native frames: (J=compiled Java code, j=interpreted, Vv=VM code, C=native code)
V  [jvm.dll+0x6100fa]
V  [jvm.dll+0x747090]
V  [jvm.dll+0x7486ad]
V  [jvm.dll+0x748d83]
V  [jvm.dll+0x24ab48]
V  [jvm.dll+0xc04dc]
V  [jvm.dll+0xc0a0c]
V  [jvm.dll+0x35eb9d]
V  [jvm.dll+0x32b833]
V  [jvm.dll+0x32ad2a]
V  [jvm.dll+0x2032b2]
V  [jvm.dll+0x202437]
V  [jvm.dll+0x188e01]
V  [jvm.dll+0x21106b]
V  [jvm.dll+0x20f8c1]
V  [jvm.dll+0x70de0f]
V  [jvm.dll+0x706a75]
V  [jvm.dll+0x60ed66]
C  [ucrtbase.dll+0x29333]
C  [KERNEL32.DLL+0x1259d]
C  [ntdll.dll+0x5af58]


---------------  P R O C E S S  ---------------

Threads class SMR info:
_java_thread_list=0x0000022a281d5c20, length=165, elements={
0x0000022a08170000, 0x0000022a249c3000, 0x0000022a249ce800, 0x0000022a249f5000,
0x0000022a249e3800, 0x0000022a249e4800, 0x0000022a249e7800, 0x0000022a249e9000,
0x0000022a249ea000, 0x0000022a254d5000, 0x0000022a255a0800, 0x0000022a26e6f800,
0x0000022a273bc000, 0x0000022a273d7000, 0x0000022a273d8000, 0x0000022a26e1e000,
0x0000022a26540800, 0x0000022a2734f000, 0x0000022a26aed800, 0x0000022a27564000,
0x0000022a27565000, 0x0000022a27562800, 0x0000022a27563800, 0x0000022a27561800,
0x0000022a27561000, 0x0000022a2755f000, 0x0000022a27565800, 0x0000022a27560000,
0x0000022a28fc1800, 0x0000022a28fc2800, 0x0000022a28fc0000, 0x0000022a28fc4000,
0x0000022a28fc3800, 0x0000022a28fbf800, 0x0000022a28fc5000, 0x0000022a28fc6000,
0x0000022a2612a800, 0x0000022a2612b800, 0x0000022a2612c800, 0x0000022a2612d000,
0x0000022a2612e000, 0x0000022a26128000, 0x0000022a2612e800, 0x0000022a26129000,
0x0000022a2612a000, 0x0000022a253f5800, 0x0000022a253f5000, 0x0000022a253f2800,
0x0000022a253f3000, 0x0000022a253f4000, 0x0000022a253f0000, 0x0000022a253f6800,
0x0000022a253f0800, 0x0000022a253f7000, 0x0000022a253f1800, 0x0000022a253f8000,
0x0000022a253f9000, 0x0000022a253f9800, 0x0000022a253fa800, 0x0000022a253fb800,
0x0000022a253fd800, 0x0000022a253fc000, 0x0000022a253fd000, 0x0000022a253fe800,
0x0000022a29c44800, 0x0000022a29c43800, 0x0000022a29c42000, 0x0000022a29c45000,
0x0000022a29c46000, 0x0000022a29c42800, 0x0000022a29c47000, 0x0000022a29c41000,
0x0000022a29c4b800, 0x0000022a29c4c800, 0x0000022a29c4b000, 0x0000022a29c4d800,
0x0000022a29c4a000, 0x0000022a29c47800, 0x0000022a29c48800, 0x0000022a29c4e000,
0x0000022a29c4f000, 0x0000022a29c49800, 0x0000022a29c50000, 0x0000022a2631c800,
0x0000022a26319800, 0x0000022a2631c000, 0x0000022a26318800, 0x0000022a26317800,
0x0000022a2631a000, 0x0000022a2631b000, 0x0000022a26317000, 0x0000022a2631d800,
0x0000022a2631e800, 0x0000022a26322800, 0x0000022a26320000, 0x0000022a26324000,
0x0000022a26323000, 0x0000022a26321800, 0x0000022a26325000, 0x0000022a2631f000,
0x0000022a26325800, 0x0000022a26320800, 0x0000022a28286800, 0x0000022a28281000,
0x0000022a28286000, 0x0000022a28287800, 0x0000022a28284000, 0x0000022a28283800,
0x0000022a28285000, 0x0000022a28282800, 0x0000022a28281800, 0x0000022a2828a000,
0x0000022a2828c800, 0x0000022a2828d000, 0x0000022a28288000, 0x0000022a2828e000,
0x0000022a2828e800, 0x0000022a2828a800, 0x0000022a2828b800, 0x0000022a28289000,
0x0000022a2828f800, 0x0000022a27a29000, 0x0000022a27a28000, 0x0000022a27a2a800,
0x0000022a27a2f000, 0x0000022a27a2a000, 0x0000022a27a2b800, 0x0000022a27a31000,
0x0000022a27a2d000, 0x0000022a27a2e000, 0x0000022a27a32000, 0x0000022a27a2f800,
0x0000022a27a30800, 0x0000022a27a2c800, 0x0000022a27a36000, 0x0000022a27a35800,
0x0000022a27a33800, 0x0000022a27a33000, 0x0000022a27a34800, 0x0000022a27a37000,
0x0000022a2bc54800, 0x0000022a2bc57800, 0x0000022a2bc58800, 0x0000022a2bc59800,
0x0000022a2bc53800, 0x0000022a2bc57000, 0x0000022a2bc56000, 0x0000022a2bc5a000,
0x0000022a2bc5b000, 0x0000022a2bc55000, 0x0000022a2bc61800, 0x0000022a2bc60000,
0x0000022a2bc5c800, 0x0000022a2bc5b800, 0x0000022a2bc5d800, 0x0000022a2bc5e000,
0x0000022a2bc62800, 0x0000022a2bc60800, 0x0000022a2bc5f000, 0x0000022a25679000,
0x0000022a2567a800, 0x0000022a2567d000, 0x0000022a2567b800, 0x0000022a2567c000,
0x0000022a2567f800
}

Java Threads: ( => current thread )
  0x0000022a08170000 JavaThread "main" [_thread_blocked, id=26528, stack(0x000000cde5100000,0x000000cde5200000)]
  0x0000022a249c3000 JavaThread "Reference Handler" daemon [_thread_blocked, id=26560, stack(0x000000cde5800000,0x000000cde5900000)]
  0x0000022a249ce800 JavaThread "Finalizer" daemon [_thread_blocked, id=26564, stack(0x000000cde5900000,0x000000cde5a00000)]
  0x0000022a249f5000 JavaThread "Signal Dispatcher" daemon [_thread_blocked, id=26568, stack(0x000000cde5a00000,0x000000cde5b00000)]
  0x0000022a249e3800 JavaThread "Attach Listener" daemon [_thread_blocked, id=26572, stack(0x000000cde5b00000,0x000000cde5c00000)]
  0x0000022a249e4800 JavaThread "Service Thread" daemon [_thread_blocked, id=26576, stack(0x000000cde5c00000,0x000000cde5d00000)]
=>0x0000022a249e7800 JavaThread "C2 CompilerThread0" daemon [_thread_in_native, id=26580, stack(0x000000cde5d00000,0x000000cde5e00000)]
  0x0000022a249e9000 JavaThread "C1 CompilerThread0" daemon [_thread_blocked, id=26584, stack(0x000000cde5e00000,0x000000cde5f00000)]
  0x0000022a249ea000 JavaThread "Sweeper thread" daemon [_thread_blocked, id=26588, stack(0x000000cde5f00000,0x000000cde6000000)]
  0x0000022a254d5000 JavaThread "Common-Cleaner" daemon [_thread_blocked, id=26596, stack(0x000000cde6000000,0x000000cde6100000)]
  0x0000022a255a0800 JavaThread "Daemon health stats" [_thread_blocked, id=25512, stack(0x000000cde6500000,0x000000cde6600000)]
  0x0000022a26e6f800 JavaThread "Incoming local TCP Connector on port 51775" [_thread_in_native, id=9892, stack(0x000000cde6600000,0x000000cde6700000)]
  0x0000022a273bc000 JavaThread "Daemon periodic checks" [_thread_blocked, id=25560, stack(0x000000cde6700000,0x000000cde6800000)]
  0x0000022a273d7000 JavaThread "Daemon" [_thread_blocked, id=25740, stack(0x000000cde6800000,0x000000cde6900000)]
  0x0000022a273d8000 JavaThread "Handler for socket connection from /127.0.0.1:51775 to /127.0.0.1:51776" [_thread_in_native, id=25764, stack(0x000000cde6900000,0x000000cde6a00000)]
  0x0000022a26e1e000 JavaThread "Cancel handler" [_thread_blocked, id=25768, stack(0x000000cde6a00000,0x000000cde6b00000)]
  0x0000022a26540800 JavaThread "Daemon worker" [_thread_in_native, id=25780, stack(0x000000cde6b00000,0x000000cde6c00000)]
  0x0000022a2734f000 JavaThread "Asynchronous log dispatcher for DefaultDaemonConnection: socket connection from /127.0.0.1:51775 to /127.0.0.1:51776" [_thread_blocked, id=26260, stack(0x000000cde7400000,0x000000cde7500000)]
  0x0000022a26aed800 JavaThread "Stdin handler" [_thread_blocked, id=26256, stack(0x000000cde7500000,0x000000cde7600000)]
  0x0000022a27564000 JavaThread "Daemon client event forwarder" [_thread_blocked, id=23472, stack(0x000000cde7600000,0x000000cde7700000)]
  0x0000022a27565000 JavaThread "Cache worker for journal cache (C:\Users\saulo\.gradle\caches\journal-1)" [_thread_blocked, id=26288, stack(0x000000cde7700000,0x000000cde7800000)]
  0x0000022a27562800 JavaThread "File lock request listener" [_thread_in_native, id=26328, stack(0x000000cde7800000,0x000000cde7900000)]
  0x0000022a27563800 JavaThread "Cache worker for file hash cache (C:\Users\saulo\.gradle\caches\7.4\fileHashes)" [_thread_blocked, id=26320, stack(0x000000cde7900000,0x000000cde7a00000)]
  0x0000022a27561800 JavaThread "File watcher server" daemon [_thread_in_native, id=26296, stack(0x000000cde7c00000,0x000000cde7d00000)]
  0x0000022a27561000 JavaThread "File watcher consumer" daemon [_thread_blocked, id=26308, stack(0x000000cde7d00000,0x000000cde7e00000)]
  0x0000022a2755f000 JavaThread "Cache worker for checksums cache (C:\Users\saulo\AndroidStudioProjects\Show-do-Android\.gradle\7.4\checksums)" [_thread_blocked, id=26336, stack(0x000000cde7e00000,0x000000cde7f00000)]
  0x0000022a27565800 JavaThread "Cache worker for cache directory md-rule (C:\Users\saulo\.gradle\caches\7.4\md-rule)" [_thread_blocked, id=26340, stack(0x000000cde7f00000,0x000000cde8000000)]
  0x0000022a27560000 JavaThread "Cache worker for file hash cache (C:\Users\saulo\AndroidStudioProjects\Show-do-Android\.gradle\7.4\fileHashes)" [_thread_blocked, id=26344, stack(0x000000cde8000000,0x000000cde8100000)]
  0x0000022a28fc1800 JavaThread "Cache worker for cache directory md-supplier (C:\Users\saulo\.gradle\caches\7.4\md-supplier)" [_thread_blocked, id=26348, stack(0x000000cde8100000,0x000000cde8200000)]
  0x0000022a28fc2800 JavaThread "Cache worker for execution history cache (C:\Users\saulo\.gradle\caches\7.4\executionHistory)" [_thread_blocked, id=26352, stack(0x000000cde8200000,0x000000cde8300000)]
  0x0000022a28fc0000 JavaThread "jar transforms" [_thread_blocked, id=26360, stack(0x000000cde8300000,0x000000cde8400000)]
  0x0000022a28fc4000 JavaThread "Cache worker for file content cache (C:\Users\saulo\.gradle\caches\7.4\fileContent)" [_thread_blocked, id=26364, stack(0x000000cde8400000,0x000000cde8500000)]
  0x0000022a28fc3800 JavaThread "jar transforms Thread 2" [_thread_blocked, id=26376, stack(0x000000cde8600000,0x000000cde8700000)]
  0x0000022a28fbf800 JavaThread "Cache worker for dependencies-accessors (C:\Users\saulo\AndroidStudioProjects\Show-do-Android\.gradle\7.4\dependencies-accessors)" [_thread_blocked, id=26268, stack(0x000000cde8500000,0x000000cde8600000)]
  0x0000022a28fc5000 JavaThread "jar transforms Thread 3" [_thread_blocked, id=13104, stack(0x000000cde8700000,0x000000cde8800000)]
  0x0000022a28fc6000 JavaThread "Cache worker for Build Output Cleanup Cache (C:\Users\saulo\AndroidStudioProjects\Show-do-Android\.gradle\buildOutputCleanup)" [_thread_blocked, id=16960, stack(0x000000cde8800000,0x000000cde8900000)]
  0x0000022a2612a800 JavaThread "Unconstrained build operations" [_thread_blocked, id=1744, stack(0x000000cde8900000,0x000000cde8a00000)]
  0x0000022a2612b800 JavaThread "Unconstrained build operations Thread 2" [_thread_blocked, id=26372, stack(0x000000cde8a00000,0x000000cde8b00000)]
  0x0000022a2612c800 JavaThread "Unconstrained build operations Thread 3" [_thread_blocked, id=25868, stack(0x000000cde8b00000,0x000000cde8c00000)]
  0x0000022a2612d000 JavaThread "Unconstrained build operations Thread 4" [_thread_blocked, id=14020, stack(0x000000cde8c00000,0x000000cde8d00000)]
  0x0000022a2612e000 JavaThread "Unconstrained build operations Thread 5" [_thread_blocked, id=14532, stack(0x000000cde8d00000,0x000000cde8e00000)]
  0x0000022a26128000 JavaThread "Unconstrained build operations Thread 6" [_thread_blocked, id=19204, stack(0x000000cde8e00000,0x000000cde8f00000)]
  0x0000022a2612e800 JavaThread "Unconstrained build operations Thread 7" [_thread_blocked, id=26072, stack(0x000000cde8f00000,0x000000cde9000000)]
  0x0000022a26129000 JavaThread "Unconstrained build operations Thread 8" [_thread_blocked, id=25748, stack(0x000000cde9000000,0x000000cde9100000)]
  0x0000022a2612a000 JavaThread "Unconstrained build operations Thread 9" [_thread_blocked, id=20748, stack(0x000000cde9100000,0x000000cde9200000)]
  0x0000022a253f5800 JavaThread "Unconstrained build operations Thread 10" [_thread_blocked, id=26384, stack(0x000000cde9200000,0x000000cde9300000)]
  0x0000022a253f5000 JavaThread "Unconstrained build operations Thread 11" [_thread_blocked, id=25724, stack(0x000000cde9300000,0x000000cde9400000)]
  0x0000022a253f2800 JavaThread "Unconstrained build operations Thread 12" [_thread_blocked, id=25408, stack(0x000000cde9400000,0x000000cde9500000)]
  0x0000022a253f3000 JavaThread "Unconstrained build operations Thread 13" [_thread_blocked, id=18072, stack(0x000000cde9500000,0x000000cde9600000)]
  0x0000022a253f4000 JavaThread "Unconstrained build operations Thread 14" [_thread_blocked, id=14964, stack(0x000000cde9600000,0x000000cde9700000)]
  0x0000022a253f0000 JavaThread "Unconstrained build operations Thread 15" [_thread_blocked, id=324, stack(0x000000cde9700000,0x000000cde9800000)]
  0x0000022a253f6800 JavaThread "Unconstrained build operations Thread 16" [_thread_blocked, id=13948, stack(0x000000cde9800000,0x000000cde9900000)]
  0x0000022a253f0800 JavaThread "Unconstrained build operations Thread 17" [_thread_blocked, id=22036, stack(0x000000cde9900000,0x000000cde9a00000)]
  0x0000022a253f7000 JavaThread "Unconstrained build operations Thread 18" [_thread_blocked, id=20996, stack(0x000000cde9a00000,0x000000cde9b00000)]
  0x0000022a253f1800 JavaThread "Unconstrained build operations Thread 19" [_thread_blocked, id=2464, stack(0x000000cde9b00000,0x000000cde9c00000)]
  0x0000022a253f8000 JavaThread "Unconstrained build operations Thread 20" [_thread_blocked, id=20668, stack(0x000000cde9c00000,0x000000cde9d00000)]
  0x0000022a253f9000 JavaThread "Unconstrained build operations Thread 21" [_thread_blocked, id=23548, stack(0x000000cde9d00000,0x000000cde9e00000)]
  0x0000022a253f9800 JavaThread "Unconstrained build operations Thread 22" [_thread_blocked, id=5792, stack(0x000000cde9e00000,0x000000cde9f00000)]
  0x0000022a253fa800 JavaThread "Unconstrained build operations Thread 23" [_thread_blocked, id=19104, stack(0x000000cde9f00000,0x000000cdea000000)]
  0x0000022a253fb800 JavaThread "Unconstrained build operations Thread 24" [_thread_blocked, id=25580, stack(0x000000cdea000000,0x000000cdea100000)]
  0x0000022a253fd800 JavaThread "Unconstrained build operations Thread 25" [_thread_blocked, id=21236, stack(0x000000cdea100000,0x000000cdea200000)]
  0x0000022a253fc000 JavaThread "Unconstrained build operations Thread 26" [_thread_blocked, id=26300, stack(0x000000cdea200000,0x000000cdea300000)]
  0x0000022a253fd000 JavaThread "Unconstrained build operations Thread 27" [_thread_blocked, id=1568, stack(0x000000cdea300000,0x000000cdea400000)]
  0x0000022a253fe800 JavaThread "Unconstrained build operations Thread 28" [_thread_blocked, id=20236, stack(0x000000cdea400000,0x000000cdea500000)]
  0x0000022a29c44800 JavaThread "Unconstrained build operations Thread 29" [_thread_blocked, id=21968, stack(0x000000cdea500000,0x000000cdea600000)]
  0x0000022a29c43800 JavaThread "Unconstrained build operations Thread 30" [_thread_blocked, id=11152, stack(0x000000cdea600000,0x000000cdea700000)]
  0x0000022a29c42000 JavaThread "Unconstrained build operations Thread 31" [_thread_blocked, id=5800, stack(0x000000cdea700000,0x000000cdea800000)]
  0x0000022a29c45000 JavaThread "Unconstrained build operations Thread 32" [_thread_blocked, id=10864, stack(0x000000cdea800000,0x000000cdea900000)]
  0x0000022a29c46000 JavaThread "Unconstrained build operations Thread 33" [_thread_blocked, id=16064, stack(0x000000cdea900000,0x000000cdeaa00000)]
  0x0000022a29c42800 JavaThread "Unconstrained build operations Thread 34" [_thread_blocked, id=6024, stack(0x000000cdeaa00000,0x000000cdeab00000)]
  0x0000022a29c47000 JavaThread "Unconstrained build operations Thread 35" [_thread_blocked, id=19832, stack(0x000000cdeab00000,0x000000cdeac00000)]
  0x0000022a29c41000 JavaThread "Unconstrained build operations Thread 36" [_thread_blocked, id=26512, stack(0x000000cdeac00000,0x000000cdead00000)]
  0x0000022a29c4b800 JavaThread "Unconstrained build operations Thread 37" [_thread_blocked, id=16404, stack(0x000000cdead00000,0x000000cdeae00000)]
  0x0000022a29c4c800 JavaThread "Unconstrained build operations Thread 38" [_thread_blocked, id=12832, stack(0x000000cdeae00000,0x000000cdeaf00000)]
  0x0000022a29c4b000 JavaThread "Unconstrained build operations Thread 39" [_thread_blocked, id=8088, stack(0x000000cdeaf00000,0x000000cdeb000000)]
  0x0000022a29c4d800 JavaThread "Unconstrained build operations Thread 40" [_thread_blocked, id=9528, stack(0x000000cdeb000000,0x000000cdeb100000)]
  0x0000022a29c4a000 JavaThread "Unconstrained build operations Thread 41" [_thread_blocked, id=26604, stack(0x000000cdeb100000,0x000000cdeb200000)]
  0x0000022a29c47800 JavaThread "Unconstrained build operations Thread 42" [_thread_blocked, id=4644, stack(0x000000cdeb200000,0x000000cdeb300000)]
  0x0000022a29c48800 JavaThread "Unconstrained build operations Thread 43" [_thread_blocked, id=10164, stack(0x000000cdeb300000,0x000000cdeb400000)]
  0x0000022a29c4e000 JavaThread "Unconstrained build operations Thread 44" [_thread_blocked, id=8104, stack(0x000000cdeb400000,0x000000cdeb500000)]
  0x0000022a29c4f000 JavaThread "Unconstrained build operations Thread 45" [_thread_blocked, id=11544, stack(0x000000cdeb500000,0x000000cdeb600000)]
  0x0000022a29c49800 JavaThread "Unconstrained build operations Thread 46" [_thread_blocked, id=14332, stack(0x000000cdeb600000,0x000000cdeb700000)]
  0x0000022a29c50000 JavaThread "Unconstrained build operations Thread 47" [_thread_blocked, id=16844, stack(0x000000cdeb700000,0x000000cdeb800000)]
  0x0000022a2631c800 JavaThread "Unconstrained build operations Thread 48" [_thread_blocked, id=14952, stack(0x000000cdeb800000,0x000000cdeb900000)]
  0x0000022a26319800 JavaThread "Unconstrained build operations Thread 49" [_thread_blocked, id=14940, stack(0x000000cdeb900000,0x000000cdeba00000)]
  0x0000022a2631c000 JavaThread "Unconstrained build operations Thread 50" [_thread_blocked, id=14936, stack(0x000000cdeba00000,0x000000cdebb00000)]
  0x0000022a26318800 JavaThread "Unconstrained build operations Thread 51" [_thread_blocked, id=5336, stack(0x000000cdebb00000,0x000000cdebc00000)]
  0x0000022a26317800 JavaThread "Unconstrained build operations Thread 52" [_thread_blocked, id=26252, stack(0x000000cdebc00000,0x000000cdebd00000)]
  0x0000022a2631a000 JavaThread "Unconstrained build operations Thread 53" [_thread_blocked, id=11936, stack(0x000000cdebd00000,0x000000cdebe00000)]
  0x0000022a2631b000 JavaThread "Unconstrained build operations Thread 54" [_thread_blocked, id=10068, stack(0x000000cdebe00000,0x000000cdebf00000)]
  0x0000022a26317000 JavaThread "Unconstrained build operations Thread 55" [_thread_blocked, id=15060, stack(0x000000cdebf00000,0x000000cdec000000)]
  0x0000022a2631d800 JavaThread "Unconstrained build operations Thread 56" [_thread_blocked, id=7720, stack(0x000000cdec000000,0x000000cdec100000)]
  0x0000022a2631e800 JavaThread "Unconstrained build operations Thread 57" [_thread_blocked, id=15276, stack(0x000000cdec100000,0x000000cdec200000)]
  0x0000022a26322800 JavaThread "Unconstrained build operations Thread 58" [_thread_blocked, id=14944, stack(0x000000cdec200000,0x000000cdec300000)]
  0x0000022a26320000 JavaThread "Unconstrained build operations Thread 59" [_thread_blocked, id=14960, stack(0x000000cdec300000,0x000000cdec400000)]
  0x0000022a26324000 JavaThread "Unconstrained build operations Thread 60" [_thread_blocked, id=14956, stack(0x000000cdec400000,0x000000cdec500000)]
  0x0000022a26323000 JavaThread "Unconstrained build operations Thread 61" [_thread_blocked, id=8736, stack(0x000000cdec500000,0x000000cdec600000)]
  0x0000022a26321800 JavaThread "Unconstrained build operations Thread 62" [_thread_blocked, id=15976, stack(0x000000cdec600000,0x000000cdec700000)]
  0x0000022a26325000 JavaThread "Unconstrained build operations Thread 63" [_thread_blocked, id=9224, stack(0x000000cdec700000,0x000000cdec800000)]
  0x0000022a2631f000 JavaThread "Unconstrained build operations Thread 64" [_thread_blocked, id=15576, stack(0x000000cdec800000,0x000000cdec900000)]
  0x0000022a26325800 JavaThread "Unconstrained build operations Thread 65" [_thread_blocked, id=16048, stack(0x000000cdec900000,0x000000cdeca00000)]
  0x0000022a26320800 JavaThread "Unconstrained build operations Thread 66" [_thread_blocked, id=10736, stack(0x000000cdeca00000,0x000000cdecb00000)]
  0x0000022a28286800 JavaThread "Unconstrained build operations Thread 67" [_thread_blocked, id=5572, stack(0x000000cdecb00000,0x000000cdecc00000)]
  0x0000022a28281000 JavaThread "Unconstrained build operations Thread 68" [_thread_blocked, id=10776, stack(0x000000cdecc00000,0x000000cdecd00000)]
  0x0000022a28286000 JavaThread "Unconstrained build operations Thread 69" [_thread_blocked, id=8740, stack(0x000000cdecd00000,0x000000cdece00000)]
  0x0000022a28287800 JavaThread "Unconstrained build operations Thread 70" [_thread_blocked, id=15816, stack(0x000000cdece00000,0x000000cdecf00000)]
  0x0000022a28284000 JavaThread "Unconstrained build operations Thread 71" [_thread_blocked, id=15676, stack(0x000000cdecf00000,0x000000cded000000)]
  0x0000022a28283800 JavaThread "Unconstrained build operations Thread 72" [_thread_blocked, id=4424, stack(0x000000cded000000,0x000000cded100000)]
  0x0000022a28285000 JavaThread "Unconstrained build operations Thread 73" [_thread_blocked, id=9360, stack(0x000000cded100000,0x000000cded200000)]
  0x0000022a28282800 JavaThread "Unconstrained build operations Thread 74" [_thread_blocked, id=9268, stack(0x000000cded200000,0x000000cded300000)]
  0x0000022a28281800 JavaThread "Unconstrained build operations Thread 75" [_thread_blocked, id=26496, stack(0x000000cded300000,0x000000cded400000)]
  0x0000022a2828a000 JavaThread "Unconstrained build operations Thread 76" [_thread_blocked, id=8384, stack(0x000000cded400000,0x000000cded500000)]
  0x0000022a2828c800 JavaThread "Unconstrained build operations Thread 77" [_thread_blocked, id=9452, stack(0x000000cded500000,0x000000cded600000)]
  0x0000022a2828d000 JavaThread "Unconstrained build operations Thread 78" [_thread_blocked, id=1868, stack(0x000000cded600000,0x000000cded700000)]
  0x0000022a28288000 JavaThread "Unconstrained build operations Thread 79" [_thread_blocked, id=9804, stack(0x000000cded700000,0x000000cded800000)]
  0x0000022a2828e000 JavaThread "Unconstrained build operations Thread 80" [_thread_blocked, id=15404, stack(0x000000cded800000,0x000000cded900000)]
  0x0000022a2828e800 JavaThread "Unconstrained build operations Thread 81" [_thread_blocked, id=10784, stack(0x000000cded900000,0x000000cdeda00000)]
  0x0000022a2828a800 JavaThread "Unconstrained build operations Thread 82" [_thread_blocked, id=9896, stack(0x000000cdeda00000,0x000000cdedb00000)]
  0x0000022a2828b800 JavaThread "Unconstrained build operations Thread 83" [_thread_blocked, id=5588, stack(0x000000cdedb00000,0x000000cdedc00000)]
  0x0000022a28289000 JavaThread "Unconstrained build operations Thread 84" [_thread_blocked, id=11388, stack(0x000000cdedc00000,0x000000cdedd00000)]
  0x0000022a2828f800 JavaThread "Unconstrained build operations Thread 85" [_thread_blocked, id=11392, stack(0x000000cdedd00000,0x000000cdede00000)]
  0x0000022a27a29000 JavaThread "Unconstrained build operations Thread 86" [_thread_blocked, id=11380, stack(0x000000cdede00000,0x000000cdedf00000)]
  0x0000022a27a28000 JavaThread "Unconstrained build operations Thread 87" [_thread_blocked, id=10624, stack(0x000000cdedf00000,0x000000cdee000000)]
  0x0000022a27a2a800 JavaThread "Unconstrained build operations Thread 88" [_thread_blocked, id=11376, stack(0x000000cdee000000,0x000000cdee100000)]
  0x0000022a27a2f000 JavaThread "Unconstrained build operations Thread 89" [_thread_blocked, id=10372, stack(0x000000cdee100000,0x000000cdee200000)]
  0x0000022a27a2a000 JavaThread "Unconstrained build operations Thread 90" [_thread_blocked, id=10516, stack(0x000000cdee200000,0x000000cdee300000)]
  0x0000022a27a2b800 JavaThread "Unconstrained build operations Thread 91" [_thread_blocked, id=10912, stack(0x000000cdee300000,0x000000cdee400000)]
  0x0000022a27a31000 JavaThread "Unconstrained build operations Thread 92" [_thread_blocked, id=11104, stack(0x000000cdee400000,0x000000cdee500000)]
  0x0000022a27a2d000 JavaThread "Unconstrained build operations Thread 93" [_thread_blocked, id=7492, stack(0x000000cdee500000,0x000000cdee600000)]
  0x0000022a27a2e000 JavaThread "Unconstrained build operations Thread 94" [_thread_blocked, id=3704, stack(0x000000cdee600000,0x000000cdee700000)]
  0x0000022a27a32000 JavaThread "Unconstrained build operations Thread 95" [_thread_blocked, id=3348, stack(0x000000cdee700000,0x000000cdee800000)]
  0x0000022a27a2f800 JavaThread "Unconstrained build operations Thread 96" [_thread_blocked, id=1388, stack(0x000000cdee800000,0x000000cdee900000)]
  0x0000022a27a30800 JavaThread "Unconstrained build operations Thread 97" [_thread_blocked, id=5944, stack(0x000000cdee900000,0x000000cdeea00000)]
  0x0000022a27a2c800 JavaThread "Unconstrained build operations Thread 98" [_thread_blocked, id=880, stack(0x000000cdeea00000,0x000000cdeeb00000)]
  0x0000022a27a36000 JavaThread "Unconstrained build operations Thread 99" [_thread_blocked, id=12712, stack(0x000000cdeeb00000,0x000000cdeec00000)]
  0x0000022a27a35800 JavaThread "Unconstrained build operations Thread 100" [_thread_blocked, id=3180, stack(0x000000cdeec00000,0x000000cdeed00000)]
  0x0000022a27a33800 JavaThread "Unconstrained build operations Thread 101" [_thread_blocked, id=6508, stack(0x000000cdeed00000,0x000000cdeee00000)]
  0x0000022a27a33000 JavaThread "Unconstrained build operations Thread 102" [_thread_blocked, id=7816, stack(0x000000cdeee00000,0x000000cdeef00000)]
  0x0000022a27a34800 JavaThread "Unconstrained build operations Thread 103" [_thread_blocked, id=11408, stack(0x000000cdeef00000,0x000000cdef000000)]
  0x0000022a27a37000 JavaThread "Unconstrained build operations Thread 104" [_thread_blocked, id=17372, stack(0x000000cdef000000,0x000000cdef100000)]
  0x0000022a2bc54800 JavaThread "Unconstrained build operations Thread 105" [_thread_blocked, id=1800, stack(0x000000cdef100000,0x000000cdef200000)]
  0x0000022a2bc57800 JavaThread "Unconstrained build operations Thread 106" [_thread_blocked, id=12044, stack(0x000000cdef200000,0x000000cdef300000)]
  0x0000022a2bc58800 JavaThread "Unconstrained build operations Thread 107" [_thread_blocked, id=16504, stack(0x000000cdef300000,0x000000cdef400000)]
  0x0000022a2bc59800 JavaThread "Unconstrained build operations Thread 108" [_thread_blocked, id=3536, stack(0x000000cdef400000,0x000000cdef500000)]
  0x0000022a2bc53800 JavaThread "Unconstrained build operations Thread 109" [_thread_blocked, id=3512, stack(0x000000cdef500000,0x000000cdef600000)]
  0x0000022a2bc57000 JavaThread "Unconstrained build operations Thread 110" [_thread_blocked, id=12960, stack(0x000000cdef600000,0x000000cdef700000)]
  0x0000022a2bc56000 JavaThread "Unconstrained build operations Thread 111" [_thread_blocked, id=6928, stack(0x000000cdef700000,0x000000cdef800000)]
  0x0000022a2bc5a000 JavaThread "Unconstrained build operations Thread 112" [_thread_blocked, id=14256, stack(0x000000cdef800000,0x000000cdef900000)]
  0x0000022a2bc5b000 JavaThread "Unconstrained build operations Thread 113" [_thread_blocked, id=11560, stack(0x000000cdef900000,0x000000cdefa00000)]
  0x0000022a2bc55000 JavaThread "Unconstrained build operations Thread 114" [_thread_blocked, id=3528, stack(0x000000cdefa00000,0x000000cdefb00000)]
  0x0000022a2bc61800 JavaThread "Unconstrained build operations Thread 115" [_thread_blocked, id=13660, stack(0x000000cdefb00000,0x000000cdefc00000)]
  0x0000022a2bc60000 JavaThread "Unconstrained build operations Thread 116" [_thread_blocked, id=14912, stack(0x000000cdefc00000,0x000000cdefd00000)]
  0x0000022a2bc5c800 JavaThread "Unconstrained build operations Thread 117" [_thread_blocked, id=13808, stack(0x000000cdefd00000,0x000000cdefe00000)]
  0x0000022a2bc5b800 JavaThread "Unconstrained build operations Thread 118" [_thread_blocked, id=13452, stack(0x000000cdefe00000,0x000000cdeff00000)]
  0x0000022a2bc5d800 JavaThread "Unconstrained build operations Thread 119" [_thread_blocked, id=15528, stack(0x000000cdeff00000,0x000000cdf0000000)]
  0x0000022a2bc5e000 JavaThread "Unconstrained build operations Thread 120" [_thread_blocked, id=3440, stack(0x000000cdf0000000,0x000000cdf0100000)]
  0x0000022a2bc62800 JavaThread "jar transforms Thread 4" [_thread_blocked, id=26704, stack(0x000000cdf0100000,0x000000cdf0200000)]
  0x0000022a2bc60800 JavaThread "jar transforms Thread 5" [_thread_blocked, id=26708, stack(0x000000cdf0200000,0x000000cdf0300000)]
  0x0000022a2bc5f000 JavaThread "jar transforms Thread 6" [_thread_blocked, id=26712, stack(0x000000cdf0300000,0x000000cdf0400000)]
  0x0000022a25679000 JavaThread "jar transforms Thread 7" [_thread_blocked, id=26716, stack(0x000000cdf0400000,0x000000cdf0500000)]
  0x0000022a2567a800 JavaThread "jar transforms Thread 8" [_thread_blocked, id=26720, stack(0x000000cdf0500000,0x000000cdf0600000)]
  0x0000022a2567d000 JavaThread "jar transforms Thread 9" [_thread_blocked, id=26724, stack(0x000000cdf0600000,0x000000cdf0700000)]
  0x0000022a2567b800 JavaThread "jar transforms Thread 10" [_thread_blocked, id=26728, stack(0x000000cdf0700000,0x000000cdf0800000)]
  0x0000022a2567c000 JavaThread "jar transforms Thread 11" [_thread_blocked, id=26732, stack(0x000000cdf0800000,0x000000cdf0900000)]
  0x0000022a2567f800 JavaThread "jar transforms Thread 12" [_thread_blocked, id=26736, stack(0x000000cdf0900000,0x000000cdf0a00000)]

Other Threads:
  0x0000022a249c1800 VMThread "VM Thread" [stack: 0x000000cde5700000,0x000000cde5800000] [id=26552]
  0x0000022a25520000 WatcherThread [stack: 0x000000cde6100000,0x000000cde6200000] [id=26600]
  0x0000022a0818b800 GCTaskThread "GC Thread#0" [stack: 0x000000cde5200000,0x000000cde5300000] [id=26532]
  0x0000022a25eb7800 GCTaskThread "GC Thread#1" [stack: 0x000000cde6200000,0x000000cde6300000] [id=26608]
  0x0000022a26801800 GCTaskThread "GC Thread#2" [stack: 0x000000cde6c00000,0x000000cde6d00000] [id=25616]
  0x0000022a27817800 GCTaskThread "GC Thread#3" [stack: 0x000000cde6d00000,0x000000cde6e00000] [id=25900]
  0x0000022a2733b000 GCTaskThread "GC Thread#4" [stack: 0x000000cde6e00000,0x000000cde6f00000] [id=26064]
  0x0000022a2733b800 GCTaskThread "GC Thread#5" [stack: 0x000000cde6f00000,0x000000cde7000000] [id=26076]
  0x0000022a2741f000 GCTaskThread "GC Thread#6" [stack: 0x000000cde7000000,0x000000cde7100000] [id=26284]
  0x0000022a26316000 GCTaskThread "GC Thread#7" [stack: 0x000000cde7100000,0x000000cde7200000] [id=26280]
  0x0000022a26e12800 GCTaskThread "GC Thread#8" [stack: 0x000000cde7200000,0x000000cde7300000] [id=26276]
  0x0000022a26e13000 GCTaskThread "GC Thread#9" [stack: 0x000000cde7300000,0x000000cde7400000] [id=26272]
  0x0000022a081bc800 ConcurrentGCThread "G1 Main Marker" [stack: 0x000000cde5300000,0x000000cde5400000] [id=26536]
  0x0000022a081bf800 ConcurrentGCThread "G1 Conc#0" [stack: 0x000000cde5400000,0x000000cde5500000] [id=26540]
  0x0000022a279ad800 ConcurrentGCThread "G1 Conc#1" [stack: 0x000000cde7a00000,0x000000cde7b00000] [id=26312]
  0x0000022a27af5800 ConcurrentGCThread "G1 Conc#2" [stack: 0x000000cde7b00000,0x000000cde7c00000] [id=26304]
  0x0000022a24810800 ConcurrentGCThread "G1 Refine#0" [stack: 0x000000cde5500000,0x000000cde5600000] [id=26544]
  0x0000022a27350000 ConcurrentGCThread "G1 Refine#1" [stack: 0x000000cde6300000,0x000000cde6400000] [id=25608]
  0x0000022a259e1000 ConcurrentGCThread "G1 Refine#2" [stack: 0x000000cde6400000,0x000000cde6500000] [id=25628]
  0x0000022a24811800 ConcurrentGCThread "G1 Young RemSet Sampling" [stack: 0x000000cde5600000,0x000000cde5700000] [id=26548]

Threads with active compile tasks:
C2 CompilerThread0  24038 5090       4       sun.nio.fs.WindowsPathParser::normalize (233 bytes)

VM state:not at safepoint (normal execution)

VM Mutex/Monitor currently owned by a thread: None

Heap address: 0x0000000080000000, size: 2048 MB, Compressed Oops mode: 32-bit
Narrow klass base: 0x0000000000000000, Narrow klass shift: 3
Compressed class space size: 1073741824 Address: 0x0000000100000000

Heap:
 garbage-first heap   total 96256K, used 54717K [0x0000000080000000, 0x0000000100000000)
  region size 1024K, 28 young (28672K), 4 survivors (4096K)
 Metaspace       used 48605K, capacity 49753K, committed 49872K, reserved 1093632K
  class space    used 6138K, capacity 6581K, committed 6688K, reserved 1048576K
Heap Regions: E=young(eden), S=young(survivor), O=old, HS=humongous(starts), HC=humongous(continues), CS=collection set, F=free, A=archive, TAMS=top-at-mark-start (previous, next)
|   0|0x0000000080000000, 0x0000000080100000, 0x0000000080100000|100%| O|  |TAMS 0x0000000080100000, 0x0000000080000000| Untracked 
|   1|0x0000000080100000, 0x0000000080200000, 0x0000000080200000|100%| O|  |TAMS 0x0000000080200000, 0x0000000080100000| Untracked 
|   2|0x0000000080200000, 0x0000000080300000, 0x0000000080300000|100%| O|  |TAMS 0x0000000080300000, 0x0000000080200000| Untracked 
|   3|0x0000000080300000, 0x0000000080400000, 0x0000000080400000|100%|HS|  |TAMS 0x0000000080400000, 0x0000000080300000| Complete 
|   4|0x0000000080400000, 0x0000000080500000, 0x0000000080500000|100%|HC|  |TAMS 0x0000000080500000, 0x0000000080400000| Complete 
|   5|0x0000000080500000, 0x0000000080600000, 0x0000000080600000|100%|HC|  |TAMS 0x0000000080600000, 0x0000000080500000| Complete 
|   6|0x0000000080600000, 0x0000000080700000, 0x0000000080700000|100%| O|  |TAMS 0x0000000080700000, 0x0000000080600000| Untracked 
|   7|0x0000000080700000, 0x0000000080800000, 0x0000000080800000|100%| O|  |TAMS 0x0000000080800000, 0x0000000080700000| Untracked 
|   8|0x0000000080800000, 0x0000000080900000, 0x0000000080900000|100%| O|  |TAMS 0x0000000080900000, 0x0000000080800000| Untracked 
|   9|0x0000000080900000, 0x0000000080a00000, 0x0000000080a00000|100%| O|  |TAMS 0x0000000080a00000, 0x0000000080900000| Untracked 
|  10|0x0000000080a00000, 0x0000000080b00000, 0x0000000080b00000|100%| O|  |TAMS 0x0000000080b00000, 0x0000000080a00000| Untracked 
|  11|0x0000000080b00000, 0x0000000080c00000, 0x0000000080c00000|100%| O|  |TAMS 0x0000000080c00000, 0x0000000080b00000| Untracked 
|  12|0x0000000080c00000, 0x0000000080d00000, 0x0000000080d00000|100%| O|  |TAMS 0x0000000080d00000, 0x0000000080c00000| Untracked 
|  13|0x0000000080d00000, 0x0000000080e00000, 0x0000000080e00000|100%| O|  |TAMS 0x0000000080e00000, 0x0000000080d00000| Untracked 
|  14|0x0000000080e00000, 0x0000000080f00000, 0x0000000080f00000|100%| O|  |TAMS 0x0000000080f00000, 0x0000000080e00000| Untracked 
|  15|0x0000000080f00000, 0x0000000081000000, 0x0000000081000000|100%| O|  |TAMS 0x0000000081000000, 0x0000000080f00000| Untracked 
|  16|0x0000000081000000, 0x0000000081100000, 0x0000000081100000|100%| O|  |TAMS 0x0000000081079400, 0x0000000081000000| Untracked 
|  17|0x0000000081100000, 0x0000000081200000, 0x0000000081200000|100%| O|  |TAMS 0x0000000081100000, 0x0000000081100000| Untracked 
|  18|0x0000000081200000, 0x0000000081300000, 0x0000000081300000|100%| O|  |TAMS 0x0000000081200000, 0x0000000081200000| Untracked 
|  19|0x0000000081300000, 0x0000000081400000, 0x0000000081400000|100%| O|  |TAMS 0x0000000081300000, 0x0000000081300000| Untracked 
|  20|0x0000000081400000, 0x0000000081500000, 0x0000000081500000|100%| O|  |TAMS 0x0000000081400000, 0x0000000081400000| Untracked 
|  21|0x0000000081500000, 0x0000000081600000, 0x0000000081600000|100%| O|  |TAMS 0x0000000081500000, 0x0000000081500000| Untracked 
|  22|0x0000000081600000, 0x0000000081700000, 0x0000000081700000|100%| O|  |TAMS 0x0000000081600000, 0x0000000081600000| Untracked 
|  23|0x0000000081700000, 0x0000000081800000, 0x0000000081800000|100%| O|  |TAMS 0x0000000081700000, 0x0000000081700000| Untracked 
|  24|0x0000000081800000, 0x0000000081900000, 0x0000000081900000|100%| O|  |TAMS 0x0000000081800000, 0x0000000081800000| Untracked 
|  25|0x0000000081900000, 0x0000000081a00000, 0x0000000081a00000|100%| O|  |TAMS 0x0000000081900000, 0x0000000081900000| Untracked 
|  26|0x0000000081a00000, 0x0000000081b00000, 0x0000000081b00000|100%| O|  |TAMS 0x0000000081a00000, 0x0000000081a00000| Untracked 
|  27|0x0000000081b00000, 0x0000000081c00000, 0x0000000081c00000|100%| O|  |TAMS 0x0000000081b00000, 0x0000000081b00000| Untracked 
|  28|0x0000000081c00000, 0x0000000081c47e00, 0x0000000081d00000| 28%| O|  |TAMS 0x0000000081c00000, 0x0000000081c00000| Untracked 
|  29|0x0000000081d00000, 0x0000000081d00000, 0x0000000081e00000|  0%| F|  |TAMS 0x0000000081d00000, 0x0000000081d00000| Untracked 
|  30|0x0000000081e00000, 0x0000000081e00000, 0x0000000081f00000|  0%| F|  |TAMS 0x0000000081e00000, 0x0000000081e00000| Untracked 
|  31|0x0000000081f00000, 0x0000000081f00000, 0x0000000082000000|  0%| F|  |TAMS 0x0000000081f00000, 0x0000000081f00000| Untracked 
|  32|0x0000000082000000, 0x0000000082000000, 0x0000000082100000|  0%| F|  |TAMS 0x0000000082000000, 0x0000000082000000| Untracked 
|  33|0x0000000082100000, 0x0000000082100000, 0x0000000082200000|  0%| F|  |TAMS 0x0000000082100000, 0x0000000082100000| Untracked 
|  34|0x0000000082200000, 0x0000000082200000, 0x0000000082300000|  0%| F|  |TAMS 0x0000000082200000, 0x0000000082200000| Untracked 
|  35|0x0000000082300000, 0x0000000082300000, 0x0000000082400000|  0%| F|  |TAMS 0x0000000082300000, 0x0000000082300000| Untracked 
|  36|0x0000000082400000, 0x0000000082400000, 0x0000000082500000|  0%| F|  |TAMS 0x0000000082400000, 0x0000000082400000| Untracked 
|  37|0x0000000082500000, 0x0000000082500000, 0x0000000082600000|  0%| F|  |TAMS 0x0000000082500000, 0x0000000082500000| Untracked 
|  38|0x0000000082600000, 0x0000000082600000, 0x0000000082700000|  0%| F|  |TAMS 0x0000000082600000, 0x0000000082600000| Untracked 
|  39|0x0000000082700000, 0x0000000082700000, 0x0000000082800000|  0%| F|  |TAMS 0x0000000082700000, 0x0000000082700000| Untracked 
|  40|0x0000000082800000, 0x0000000082800000, 0x0000000082900000|  0%| F|  |TAMS 0x0000000082800000, 0x0000000082800000| Untracked 
|  41|0x0000000082900000, 0x0000000082900000, 0x0000000082a00000|  0%| F|  |TAMS 0x0000000082900000, 0x0000000082900000| Untracked 
|  42|0x0000000082a00000, 0x0000000082a00000, 0x0000000082b00000|  0%| F|  |TAMS 0x0000000082a00000, 0x0000000082a00000| Untracked 
|  43|0x0000000082b00000, 0x0000000082b00000, 0x0000000082c00000|  0%| F|  |TAMS 0x0000000082b00000, 0x0000000082b00000| Untracked 
|  44|0x0000000082c00000, 0x0000000082c00000, 0x0000000082d00000|  0%| F|  |TAMS 0x0000000082c00000, 0x0000000082c00000| Untracked 
|  45|0x0000000082d00000, 0x0000000082d00000, 0x0000000082e00000|  0%| F|  |TAMS 0x0000000082d00000, 0x0000000082d00000| Untracked 
|  46|0x0000000082e00000, 0x0000000082e00000, 0x0000000082f00000|  0%| F|  |TAMS 0x0000000082e00000, 0x0000000082e00000| Untracked 
|  47|0x0000000082f00000, 0x0000000082f00000, 0x0000000083000000|  0%| F|  |TAMS 0x0000000082f00000, 0x0000000082f00000| Untracked 
|  48|0x0000000083000000, 0x0000000083000000, 0x0000000083100000|  0%| F|  |TAMS 0x0000000083000000, 0x0000000083000000| Untracked 
|  49|0x0000000083100000, 0x0000000083100000, 0x0000000083200000|  0%| F|  |TAMS 0x0000000083100000, 0x0000000083100000| Untracked 
|  50|0x0000000083200000, 0x0000000083200000, 0x0000000083300000|  0%| F|  |TAMS 0x0000000083200000, 0x0000000083200000| Untracked 
|  51|0x0000000083300000, 0x00000000833278b0, 0x0000000083400000| 15%| S|CS|TAMS 0x0000000083300000, 0x0000000083300000| Complete 
|  52|0x0000000083400000, 0x0000000083500000, 0x0000000083500000|100%| S|CS|TAMS 0x0000000083400000, 0x0000000083400000| Complete 
|  53|0x0000000083500000, 0x0000000083600000, 0x0000000083600000|100%| S|CS|TAMS 0x0000000083500000, 0x0000000083500000| Complete 
|  54|0x0000000083600000, 0x0000000083700000, 0x0000000083700000|100%| S|CS|TAMS 0x0000000083600000, 0x0000000083600000| Complete 
|  55|0x0000000083700000, 0x0000000083700000, 0x0000000083800000|  0%| F|  |TAMS 0x0000000083700000, 0x0000000083700000| Untracked 
|  56|0x0000000083800000, 0x0000000083800000, 0x0000000083900000|  0%| F|  |TAMS 0x0000000083800000, 0x0000000083800000| Untracked 
|  57|0x0000000083900000, 0x0000000083900000, 0x0000000083a00000|  0%| F|  |TAMS 0x0000000083900000, 0x0000000083900000| Untracked 
|  58|0x0000000083a00000, 0x0000000083a00000, 0x0000000083b00000|  0%| F|  |TAMS 0x0000000083a00000, 0x0000000083a00000| Untracked 
|  59|0x0000000083b00000, 0x0000000083b00000, 0x0000000083c00000|  0%| F|  |TAMS 0x0000000083b00000, 0x0000000083b00000| Untracked 
|  60|0x0000000083c00000, 0x0000000083c00000, 0x0000000083d00000|  0%| F|  |TAMS 0x0000000083c00000, 0x0000000083c00000| Untracked 
|  61|0x0000000083d00000, 0x0000000083d00000, 0x0000000083e00000|  0%| F|  |TAMS 0x0000000083d00000, 0x0000000083d00000| Untracked 
|  62|0x0000000083e00000, 0x0000000083e00000, 0x0000000083f00000|  0%| F|  |TAMS 0x0000000083e00000, 0x0000000083e00000| Untracked 
|  63|0x0000000083f00000, 0x0000000083f00000, 0x0000000084000000|  0%| F|  |TAMS 0x0000000083f00000, 0x0000000083f00000| Untracked 
|  64|0x0000000084000000, 0x0000000084000000, 0x0000000084100000|  0%| F|  |TAMS 0x0000000084000000, 0x0000000084000000| Untracked 
|  65|0x0000000084100000, 0x0000000084100000, 0x0000000084200000|  0%| F|  |TAMS 0x0000000084100000, 0x0000000084100000| Untracked 
|  66|0x0000000084200000, 0x0000000084200000, 0x0000000084300000|  0%| F|  |TAMS 0x0000000084200000, 0x0000000084200000| Untracked 
|  67|0x0000000084300000, 0x0000000084300000, 0x0000000084400000|  0%| F|  |TAMS 0x0000000084300000, 0x0000000084300000| Untracked 
|  68|0x0000000084400000, 0x0000000084400000, 0x0000000084500000|  0%| F|  |TAMS 0x0000000084400000, 0x0000000084400000| Untracked 
|  69|0x0000000084500000, 0x0000000084500000, 0x0000000084600000|  0%| F|  |TAMS 0x0000000084500000, 0x0000000084500000| Untracked 
|  70|0x0000000084600000, 0x00000000846afa68, 0x0000000084700000| 68%| E|  |TAMS 0x0000000084600000, 0x0000000084600000| Complete 
|  71|0x0000000084700000, 0x0000000084800000, 0x0000000084800000|100%| E|CS|TAMS 0x0000000084700000, 0x0000000084700000| Complete 
|  72|0x0000000084800000, 0x0000000084900000, 0x0000000084900000|100%| E|CS|TAMS 0x0000000084800000, 0x0000000084800000| Complete 
|  73|0x0000000084900000, 0x0000000084a00000, 0x0000000084a00000|100%| E|CS|TAMS 0x0000000084900000, 0x0000000084900000| Complete 
|  74|0x0000000084a00000, 0x0000000084b00000, 0x0000000084b00000|100%| E|CS|TAMS 0x0000000084a00000, 0x0000000084a00000| Complete 
|  75|0x0000000084b00000, 0x0000000084c00000, 0x0000000084c00000|100%| E|CS|TAMS 0x0000000084b00000, 0x0000000084b00000| Complete 
|  76|0x0000000084c00000, 0x0000000084d00000, 0x0000000084d00000|100%| E|CS|TAMS 0x0000000084c00000, 0x0000000084c00000| Complete 
|  77|0x0000000084d00000, 0x0000000084e00000, 0x0000000084e00000|100%| E|CS|TAMS 0x0000000084d00000, 0x0000000084d00000| Complete 
|  78|0x0000000084e00000, 0x0000000084f00000, 0x0000000084f00000|100%| E|CS|TAMS 0x0000000084e00000, 0x0000000084e00000| Complete 
|  79|0x0000000084f00000, 0x0000000085000000, 0x0000000085000000|100%| E|CS|TAMS 0x0000000084f00000, 0x0000000084f00000| Complete 
|  80|0x0000000085000000, 0x0000000085100000, 0x0000000085100000|100%| E|CS|TAMS 0x0000000085000000, 0x0000000085000000| Complete 
|  81|0x0000000085100000, 0x0000000085200000, 0x0000000085200000|100%| E|CS|TAMS 0x0000000085100000, 0x0000000085100000| Complete 
|  82|0x0000000085200000, 0x0000000085300000, 0x0000000085300000|100%| E|CS|TAMS 0x0000000085200000, 0x0000000085200000| Complete 
|  83|0x0000000085300000, 0x0000000085400000, 0x0000000085400000|100%| E|CS|TAMS 0x0000000085300000, 0x0000000085300000| Complete 
|  84|0x0000000085400000, 0x0000000085500000, 0x0000000085500000|100%| E|CS|TAMS 0x0000000085400000, 0x0000000085400000| Complete 
|  85|0x0000000085500000, 0x0000000085600000, 0x0000000085600000|100%| E|CS|TAMS 0x0000000085500000, 0x0000000085500000| Complete 
|  86|0x0000000085600000, 0x0000000085700000, 0x0000000085700000|100%| E|  |TAMS 0x0000000085600000, 0x0000000085600000| Complete 
|  87|0x0000000085700000, 0x0000000085800000, 0x0000000085800000|100%| E|CS|TAMS 0x0000000085700000, 0x0000000085700000| Complete 
|  88|0x0000000085800000, 0x0000000085900000, 0x0000000085900000|100%| E|CS|TAMS 0x0000000085800000, 0x0000000085800000| Complete 
|  89|0x0000000085900000, 0x0000000085a00000, 0x0000000085a00000|100%| E|CS|TAMS 0x0000000085900000, 0x0000000085900000| Complete 
|  90|0x0000000085a00000, 0x0000000085b00000, 0x0000000085b00000|100%| E|CS|TAMS 0x0000000085a00000, 0x0000000085a00000| Complete 
|  91|0x0000000085b00000, 0x0000000085c00000, 0x0000000085c00000|100%| E|CS|TAMS 0x0000000085b00000, 0x0000000085b00000| Complete 
|  92|0x0000000085c00000, 0x0000000085d00000, 0x0000000085d00000|100%| E|CS|TAMS 0x0000000085c00000, 0x0000000085c00000| Complete 
|  93|0x0000000085d00000, 0x0000000085e00000, 0x0000000085e00000|100%| E|CS|TAMS 0x0000000085d00000, 0x0000000085d00000| Complete 

Card table byte_map: [0x0000022a1d4d0000,0x0000022a1d8d0000] _byte_map_base: 0x0000022a1d0d0000

Marking Bits (Prev, Next): (CMBitMap*) 0x0000022a081b3798, (CMBitMap*) 0x0000022a081b37d0
 Prev Bits: [0x0000022a1dcd0000, 0x0000022a1fcd0000)
 Next Bits: [0x0000022a1fcd0000, 0x0000022a21cd0000)

Polling page: 0x0000022a07ef0000

Metaspace:

Usage:
  Non-class:     42.16 MB capacity,    41.47 MB ( 98%) used,   573.45 KB (  1%) free+waste,   129.88 KB ( <1%) overhead. 
      Class:      6.43 MB capacity,     6.00 MB ( 93%) used,   379.95 KB (  6%) free+waste,    61.56 KB ( <1%) overhead. 
       Both:     48.59 MB capacity,    47.47 MB ( 98%) used,   953.41 KB (  2%) free+waste,   191.44 KB ( <1%) overhead. 

Virtual space:
  Non-class space:       44.00 MB reserved,      42.17 MB ( 96%) committed 
      Class space:        1.00 GB reserved,       6.53 MB ( <1%) committed 
             Both:        1.04 GB reserved,      48.70 MB (  5%) committed 

Chunk freelists:
   Non-Class:  12.00 KB
       Class:  11.00 KB
        Both:  23.00 KB

MaxMetaspaceSize: 17179869184.00 GB
CompressedClassSpaceSize: 1.00 GB
Initial GC threshold: 20.80 MB
Current GC threshold: 59.09 MB
CDS: off

CodeHeap 'non-profiled nmethods': size=120000Kb used=2643Kb max_used=2643Kb free=117356Kb
 bounds [0x0000022a14f10000, 0x0000022a151b0000, 0x0000022a1c440000]
CodeHeap 'profiled nmethods': size=120000Kb used=10451Kb max_used=10451Kb free=109548Kb
 bounds [0x0000022a0d9e0000, 0x0000022a0e420000, 0x0000022a14f10000]
CodeHeap 'non-nmethods': size=5760Kb used=2290Kb max_used=2322Kb free=3469Kb
 bounds [0x0000022a0d440000, 0x0000022a0d6b0000, 0x0000022a0d9e0000]
 total_blobs=5933 nmethods=5144 adapters=701
 compilation: enabled
              stopped_count=0, restarted_count=0
 full_count=0

Compilation events (20 events):
Event: 23.759 Thread 0x0000022a249e9000 nmethod 5087 0x0000022a0e3cc790 code [0x0000022a0e3cc940, 0x0000022a0e3cca38]
Event: 23.761 Thread 0x0000022a249e9000 5089   !   3       org.gradle.internal.concurrent.ManagedExecutorImpl$1::run (57 bytes)
Event: 23.762 Thread 0x0000022a249e9000 nmethod 5089 0x0000022a0e3ccb10 code [0x0000022a0e3ccf60, 0x0000022a0e3cec38]
Event: 23.774 Thread 0x0000022a249e7800 5090       4       sun.nio.fs.WindowsPathParser::normalize (233 bytes)
Event: 23.785 Thread 0x0000022a249e9000 5091   !   3       java.util.concurrent.ThreadPoolExecutor::getTask (177 bytes)
Event: 23.786 Thread 0x0000022a249e9000 nmethod 5091 0x0000022a0e3cfb90 code [0x0000022a0e3cfe20, 0x0000022a0e3d0d18]
Event: 23.789 Thread 0x0000022a249e9000 5092       3       java.util.concurrent.ThreadPoolExecutor::afterExecute (1 bytes)
Event: 23.789 Thread 0x0000022a249e9000 nmethod 5092 0x0000022a0e3d1190 code [0x0000022a0e3d1340, 0x0000022a0e3d1438]
Event: 23.789 Thread 0x0000022a249e9000 5093       3       org.gradle.internal.hash.Hashing$MessageDigestHasher::putHash (9 bytes)
Event: 23.789 Thread 0x0000022a249e9000 nmethod 5093 0x0000022a0e3d1510 code [0x0000022a0e3d1700, 0x0000022a0e3d1bf8]
Event: 23.789 Thread 0x0000022a249e9000 5094       3       org.gradle.internal.snapshot.RegularFileSnapshot::getType (4 bytes)
Event: 23.789 Thread 0x0000022a249e9000 nmethod 5094 0x0000022a0e3d1e10 code [0x0000022a0e3d1fc0, 0x0000022a0e3d20d8]
Event: 23.791 Thread 0x0000022a249e9000 5095       3       org.gradle.cache.internal.DefaultCacheFactory$ReferenceTrackingCache::getBaseDir (13 bytes)
Event: 23.792 Thread 0x0000022a249e9000 nmethod 5095 0x0000022a0e3d2190 code [0x0000022a0e3d2360, 0x0000022a0e3d2548]
Event: 23.792 Thread 0x0000022a249e9000 5096       3       org.gradle.internal.hash.Hashing$DefaultHasher::putHash (24 bytes)
Event: 23.792 Thread 0x0000022a249e9000 nmethod 5096 0x0000022a0e3d2610 code [0x0000022a0e3d28a0, 0x0000022a0e3d3428]
Event: 23.792 Thread 0x0000022a249e9000 5097       3       org.gradle.internal.serialize.kryo.KryoBackedEncoder::writeLong (9 bytes)
Event: 23.792 Thread 0x0000022a249e9000 nmethod 5097 0x0000022a0e3d3910 code [0x0000022a0e3d3ac0, 0x0000022a0e3d3c08]
Event: 23.792 Thread 0x0000022a249e9000 5098       3       com.esotericsoftware.kryo.io.Output::writeLong (162 bytes)
Event: 23.792 Thread 0x0000022a249e9000 nmethod 5098 0x0000022a0e3d3d10 code [0x0000022a0e3d3ee0, 0x0000022a0e3d4208]

GC Heap History (20 events):
Event: 2.722 GC heap before
{Heap before GC invocations=2 (full 0):
 garbage-first heap   total 96256K, used 28203K [0x0000000080000000, 0x0000000100000000)
  region size 1024K, 20 young (20480K), 7 survivors (7168K)
 Metaspace       used 16850K, capacity 17265K, committed 17408K, reserved 1064960K
  class space    used 1924K, capacity 2037K, committed 2048K, reserved 1048576K
}
Event: 2.727 GC heap after
{Heap after GC invocations=3 (full 0):
 garbage-first heap   total 96256K, used 15959K [0x0000000080000000, 0x0000000100000000)
  region size 1024K, 2 young (2048K), 2 survivors (2048K)
 Metaspace       used 16850K, capacity 17265K, committed 17408K, reserved 1064960K
  class space    used 1924K, capacity 2037K, committed 2048K, reserved 1048576K
}
Event: 4.489 GC heap before
{Heap before GC invocations=3 (full 0):
 garbage-first heap   total 96256K, used 47703K [0x0000000080000000, 0x0000000100000000)
  region size 1024K, 34 young (34816K), 2 survivors (2048K)
 Metaspace       used 20304K, capacity 20721K, committed 20864K, reserved 1067008K
  class space    used 2469K, capacity 2616K, committed 2688K, reserved 1048576K
}
Event: 4.492 GC heap after
{Heap after GC invocations=4 (full 0):
 garbage-first heap   total 96256K, used 17087K [0x0000000080000000, 0x0000000100000000)
  region size 1024K, 3 young (3072K), 3 survivors (3072K)
 Metaspace       used 20304K, capacity 20721K, committed 20864K, reserved 1067008K
  class space    used 2469K, capacity 2616K, committed 2688K, reserved 1048576K
}
Event: 4.561 GC heap before
{Heap before GC invocations=4 (full 0):
 garbage-first heap   total 96256K, used 20159K [0x0000000080000000, 0x0000000100000000)
  region size 1024K, 7 young (7168K), 3 survivors (3072K)
 Metaspace       used 20778K, capacity 21187K, committed 21296K, reserved 1069056K
  class space    used 2531K, capacity 2686K, committed 2688K, reserved 1048576K
}
Event: 4.564 GC heap after
{Heap after GC invocations=5 (full 0):
 garbage-first heap   total 96256K, used 17315K [0x0000000080000000, 0x0000000100000000)
  region size 1024K, 3 young (3072K), 3 survivors (3072K)
 Metaspace       used 20778K, capacity 21187K, committed 21296K, reserved 1069056K
  class space    used 2531K, capacity 2686K, committed 2688K, reserved 1048576K
}
Event: 5.222 GC heap before
{Heap before GC invocations=6 (full 0):
 garbage-first heap   total 96256K, used 56227K [0x0000000080000000, 0x0000000100000000)
  region size 1024K, 41 young (41984K), 3 survivors (3072K)
 Metaspace       used 24585K, capacity 25120K, committed 25340K, reserved 1071104K
  class space    used 3136K, capacity 3321K, committed 3404K, reserved 1048576K
}
Event: 5.225 GC heap after
{Heap after GC invocations=7 (full 0):
 garbage-first heap   total 96256K, used 18404K [0x0000000080000000, 0x0000000100000000)
  region size 1024K, 4 young (4096K), 4 survivors (4096K)
 Metaspace       used 24585K, capacity 25120K, committed 25340K, reserved 1071104K
  class space    used 3136K, capacity 3321K, committed 3404K, reserved 1048576K
}
Event: 5.977 GC heap before
{Heap before GC invocations=7 (full 0):
 garbage-first heap   total 96256K, used 59364K [0x0000000080000000, 0x0000000100000000)
  region size 1024K, 44 young (45056K), 4 survivors (4096K)
 Metaspace       used 28620K, capacity 29287K, committed 29564K, reserved 1075200K
  class space    used 3751K, capacity 3995K, committed 4044K, reserved 1048576K
}
Event: 5.982 GC heap after
{Heap after GC invocations=8 (full 0):
 garbage-first heap   total 96256K, used 19838K [0x0000000080000000, 0x0000000100000000)
  region size 1024K, 4 young (4096K), 4 survivors (4096K)
 Metaspace       used 28620K, capacity 29287K, committed 29564K, reserved 1075200K
  class space    used 3751K, capacity 3995K, committed 4044K, reserved 1048576K
}
Event: 6.632 GC heap before
{Heap before GC invocations=8 (full 0):
 garbage-first heap   total 96256K, used 54654K [0x0000000080000000, 0x0000000100000000)
  region size 1024K, 39 young (39936K), 4 survivors (4096K)
 Metaspace       used 35173K, capacity 35947K, committed 36048K, reserved 1081344K
  class space    used 4516K, capacity 4833K, committed 4896K, reserved 1048576K
}
Event: 6.641 GC heap after
{Heap after GC invocations=9 (full 0):
 garbage-first heap   total 96256K, used 22881K [0x0000000080000000, 0x0000000100000000)
  region size 1024K, 6 young (6144K), 6 survivors (6144K)
 Metaspace       used 35173K, capacity 35947K, committed 36048K, reserved 1081344K
  class space    used 4516K, capacity 4833K, committed 4896K, reserved 1048576K
}
Event: 7.304 GC heap before
{Heap before GC invocations=10 (full 0):
 garbage-first heap   total 96256K, used 65889K [0x0000000080000000, 0x0000000100000000)
  region size 1024K, 46 young (47104K), 6 survivors (6144K)
 Metaspace       used 38942K, capacity 39819K, committed 40016K, reserved 1083392K
  class space    used 4898K, capacity 5223K, committed 5280K, reserved 1048576K
}
Event: 7.310 GC heap after
{Heap after GC invocations=11 (full 0):
 garbage-first heap   total 96256K, used 26391K [0x0000000080000000, 0x0000000100000000)
  region size 1024K, 6 young (6144K), 6 survivors (6144K)
 Metaspace       used 38942K, capacity 39819K, committed 40016K, reserved 1083392K
  class space    used 4898K, capacity 5223K, committed 5280K, reserved 1048576K
}
Event: 11.428 GC heap before
{Heap before GC invocations=11 (full 0):
 garbage-first heap   total 96256K, used 66327K [0x0000000080000000, 0x0000000100000000)
  region size 1024K, 45 young (46080K), 6 survivors (6144K)
 Metaspace       used 41703K, capacity 42700K, committed 42704K, reserved 1087488K
  class space    used 5288K, capacity 5662K, committed 5664K, reserved 1048576K
}
Event: 11.435 GC heap after
{Heap after GC invocations=12 (full 0):
 garbage-first heap   total 96256K, used 28800K [0x0000000080000000, 0x0000000100000000)
  region size 1024K, 6 young (6144K), 6 survivors (6144K)
 Metaspace       used 41703K, capacity 42700K, committed 42704K, reserved 1087488K
  class space    used 5288K, capacity 5662K, committed 5664K, reserved 1048576K
}
Event: 18.270 GC heap before
{Heap before GC invocations=12 (full 0):
 garbage-first heap   total 96256K, used 68736K [0x0000000080000000, 0x0000000100000000)
  region size 1024K, 45 young (46080K), 6 survivors (6144K)
 Metaspace       used 45375K, capacity 46402K, committed 46544K, reserved 1089536K
  class space    used 5756K, capacity 6170K, committed 6176K, reserved 1048576K
}
Event: 18.281 GC heap after
{Heap after GC invocations=13 (full 0):
 garbage-first heap   total 96256K, used 30462K [0x0000000080000000, 0x0000000100000000)
  region size 1024K, 5 young (5120K), 5 survivors (5120K)
 Metaspace       used 45375K, capacity 46402K, committed 46544K, reserved 1089536K
  class space    used 5756K, capacity 6170K, committed 6176K, reserved 1048576K
}
Event: 21.870 GC heap before
{Heap before GC invocations=13 (full 0):
 garbage-first heap   total 96256K, used 70398K [0x0000000080000000, 0x0000000100000000)
  region size 1024K, 44 young (45056K), 5 survivors (5120K)
 Metaspace       used 48075K, capacity 49175K, committed 49488K, reserved 1091584K
  class space    used 6087K, capacity 6499K, committed 6560K, reserved 1048576K
}
Event: 21.967 GC heap after
{Heap after GC invocations=14 (full 0):
 garbage-first heap   total 96256K, used 32189K [0x0000000080000000, 0x0000000100000000)
  region size 1024K, 4 young (4096K), 4 survivors (4096K)
 Metaspace       used 48075K, capacity 49175K, committed 49488K, reserved 1091584K
  class space    used 6087K, capacity 6499K, committed 6560K, reserved 1048576K
}

Deoptimization events (20 events):
Event: 22.494 Thread 0x0000022a253f5000 DEOPT PACKING pc=0x0000022a0dfe7b4c sp=0x000000cde93fd120
Event: 22.494 Thread 0x0000022a253f5000 DEOPT UNPACKING pc=0x0000022a0d48a95e sp=0x000000cde93fc6c0 mode 0
Event: 22.707 Thread 0x0000022a29c43800 Uncommon trap: trap_request=0xffffffcc fr.pc=0x0000022a1518da78 relative=0x00000000000011d8
Event: 22.707 Thread 0x0000022a29c43800 Uncommon trap: reason=intrinsic_or_type_checked_inlining action=make_not_entrant pc=0x0000022a1518da78 method=java.util.ArrayList.toArray([Ljava/lang/Object;)[Ljava/lang/Object; @ 36 c2
Event: 22.707 Thread 0x0000022a29c43800 DEOPT PACKING pc=0x0000022a1518da78 sp=0x000000cdea6fe030
Event: 22.707 Thread 0x0000022a29c43800 DEOPT UNPACKING pc=0x0000022a0d48a1af sp=0x000000cdea6fdf88 mode 2
Event: 22.856 Thread 0x0000022a27a37000 DEOPT PACKING pc=0x0000022a0dfe7b4c sp=0x000000cdef0fcf50
Event: 22.856 Thread 0x0000022a27a37000 DEOPT UNPACKING pc=0x0000022a0d48a95e sp=0x000000cdef0fc4f0 mode 0
Event: 22.954 Thread 0x0000022a2bc5b000 DEOPT PACKING pc=0x0000022a0dfe7b4c sp=0x000000cdef9fdaa0
Event: 22.954 Thread 0x0000022a2bc5b000 DEOPT UNPACKING pc=0x0000022a0d48a95e sp=0x000000cdef9fd040 mode 0
Event: 23.052 Thread 0x0000022a29c4b800 DEOPT PACKING pc=0x0000022a0dfe7b4c sp=0x000000cdeadfcb40
Event: 23.052 Thread 0x0000022a29c4b800 DEOPT UNPACKING pc=0x0000022a0d48a95e sp=0x000000cdeadfc0e0 mode 0
Event: 23.243 Thread 0x0000022a27563800 DEOPT PACKING pc=0x0000022a0daa9cda sp=0x000000cde79fe250
Event: 23.243 Thread 0x0000022a27563800 DEOPT UNPACKING pc=0x0000022a0d48a95e sp=0x000000cde79fd6d8 mode 0
Event: 23.774 Thread 0x0000022a2bc60800 DEOPT PACKING pc=0x0000022a0dfe7b4c sp=0x000000cdf02fe490
Event: 23.774 Thread 0x0000022a2bc62800 DEOPT PACKING pc=0x0000022a0dfe7b4c sp=0x000000cdf01fe4c0
Event: 23.774 Thread 0x0000022a25679000 DEOPT PACKING pc=0x0000022a0dfe7b4c sp=0x000000cdf04fe180
Event: 23.774 Thread 0x0000022a2bc60800 DEOPT UNPACKING pc=0x0000022a0d48a95e sp=0x000000cdf02fda30 mode 0
Event: 23.774 Thread 0x0000022a2bc62800 DEOPT UNPACKING pc=0x0000022a0d48a95e sp=0x000000cdf01fda60 mode 0
Event: 23.774 Thread 0x0000022a25679000 DEOPT UNPACKING pc=0x0000022a0d48a95e sp=0x000000cdf04fd720 mode 0

Classes redefined (0 events):
No events

Internal exceptions (20 events):
Event: 10.746 Thread 0x0000022a27564000 Exception <a 'java/lang/NoSuchMethodError'{0x0000000083aaf740}: <clinit>> (0x0000000083aaf740) thrown at [./src/hotspot/share/prims/jni.cpp, line 1366]
Event: 12.862 Thread 0x0000022a26540800 Implicit null exception at 0x0000022a14fed7f4 to 0x0000022a14feda18
Event: 14.920 Thread 0x0000022a26540800 Exception <a 'java/lang/ClassNotFoundException'{0x0000000084da5718}: build_4t63sauha2pibsuv0x8c2jlknBeanInfo> (0x0000000084da5718) thrown at [./src/hotspot/share/classfile/systemDictionary.cpp, line 231]
Event: 14.921 Thread 0x0000022a26540800 Exception <a 'java/lang/ClassNotFoundException'{0x0000000084dbcd78}: org/gradle/api/internal/project/ProjectScriptBeanInfo> (0x0000000084dbcd78) thrown at [./src/hotspot/share/classfile/systemDictionary.cpp, line 231]
Event: 14.921 Thread 0x0000022a26540800 Exception <a 'java/lang/ClassNotFoundException'{0x0000000084dd45a8}: org/gradle/api/internal/project/ProjectScriptCustomizer> (0x0000000084dd45a8) thrown at [./src/hotspot/share/classfile/systemDictionary.cpp, line 231]
Event: 14.922 Thread 0x0000022a26540800 Exception <a 'java/lang/ClassNotFoundException'{0x0000000084df0478}: build_4t63sauha2pibsuv0x8c2jlknCustomizer> (0x0000000084df0478) thrown at [./src/hotspot/share/classfile/systemDictionary.cpp, line 231]
Event: 14.979 Thread 0x0000022a26540800 Exception <a 'java/lang/ClassNotFoundException'{0x0000000084c84f18}: org/gradle/plugin/use/internal/PluginRequestCollector$PluginDependenciesSpecImplBeanInfo> (0x0000000084c84f18) thrown at [./src/hotspot/share/classfile/systemDictionary.cpp, line 231]
Event: 14.979 Thread 0x0000022a26540800 Exception <a 'java/lang/ClassNotFoundException'{0x0000000084cb4468}: org/gradle/plugin/use/internal/PluginRequestCollector$PluginDependenciesSpecImplCustomizer> (0x0000000084cb4468) thrown at [./src/hotspot/share/classfile/systemDictionary.cpp, line 231]
Event: 14.982 Thread 0x0000022a26540800 Exception <a 'java/lang/ClassNotFoundException'{0x0000000084b1dde8}: org/gradle/plugin/use/internal/PluginRequestCollector$PluginDependencySpecImplBeanInfo> (0x0000000084b1dde8) thrown at [./src/hotspot/share/classfile/systemDictionary.cpp, line 231]
Event: 14.983 Thread 0x0000022a26540800 Exception <a 'java/lang/ClassNotFoundException'{0x0000000084b4c4e8}: org/gradle/plugin/use/internal/PluginRequestCollector$PluginDependencySpecImplCustomizer> (0x0000000084b4c4e8) thrown at [./src/hotspot/share/classfile/systemDictionary.cpp, line 231]
Event: 18.398 Thread 0x0000022a26540800 Exception <a 'java/lang/NoSuchMethodError'{0x000000008599fc20}: 'int java.lang.invoke.DirectMethodHandle$Holder.invokeInterface(java.lang.Object, java.lang.Object)'> (0x000000008599fc20) thrown at [./src/hotspot/share/interpreter/linkResolver.cpp, line 773]
Event: 18.398 Thread 0x0000022a26540800 Exception <a 'java/lang/IncompatibleClassChangeError'{0x00000000859a3700}: Found class java.lang.Object, but interface was expected> (0x00000000859a3700) thrown at [./src/hotspot/share/interpreter/linkResolver.cpp, line 839]
Event: 18.776 Thread 0x0000022a26540800 Exception <a 'java/lang/NoSuchMethodError'{0x00000000850162c8}: 'int java.lang.invoke.DirectMethodHandle$Holder.invokeStaticInit(java.lang.Object)'> (0x00000000850162c8) thrown at [./src/hotspot/share/interpreter/linkResolver.cpp, line 773]
Event: 19.101 Thread 0x0000022a26540800 Exception <a 'java/lang/NoSuchMethodError'{0x0000000084ef3d68}: 'void java.lang.invoke.DirectMethodHandle$Holder.invokeStatic(java.lang.Object, java.lang.Object, java.lang.Object, int, java.lang.Object)'> (0x0000000084ef3d68) thrown at [./src/hotspot/share/interpreter/linkResolver.cpp, line 773]
Event: 19.323 Thread 0x0000022a26540800 Exception <a 'java/lang/NoSuchMethodError'{0x000000008477fd08}: 'java.lang.Object java.lang.invoke.DelegatingMethodHandle$Holder.reinvoke_L(java.lang.Object, java.lang.Object, java.lang.Object, java.lang.Object, java.lang.Object, java.lang.Object, java.lang.Object, java.lang.Object, java.lang.Object, java.lang.Object, java.lang.Object, java.lang.Object, java.lang.Object, java.lang.Object, java.lang.Object, java.lang.Object, java.lang.Object, java.lang.Object, java.lang.Object, java.lang.Object, java.lang.O
Event: 19.324 Thread 0x0000022a26540800 Exception <a 'java/lang/NoSuchMethodError'{0x00000000847a4b48}: 'java.lang.Object java.lang.invoke.Invokers$Holder.invoker(java.lang.Object, java.lang.Object, java.lang.Object, java.lang.Object, java.lang.Object, java.lang.Object, java.lang.Object, java.lang.Object, java.lang.Object, java.lang.Object, java.lang.Object, java.lang.Object, java.lang.Object, java.lang.Object, java.lang.Object, java.lang.Object, java.lang.Object, java.lang.Object, java.lang.Object, java.lang.Object, java.lang.Object)'> (0x00000
Event: 19.324 Thread 0x0000022a26540800 Exception <a 'java/lang/NoSuchMethodError'{0x00000000847abeb8}: 'java.lang.Object java.lang.invoke.DelegatingMethodHandle$Holder.delegate(java.lang.Object, java.lang.Object, java.lang.Object, java.lang.Object, java.lang.Object, java.lang.Object, java.lang.Object, java.lang.Object, java.lang.Object, java.lang.Object, java.lang.Object, java.lang.Object, java.lang.Object, java.lang.Object, java.lang.Object, java.lang.Object, java.lang.Object, java.lang.Object, java.lang.Object, java.lang.Object, java.lang.Obj
Event: 19.357 Thread 0x0000022a26540800 Exception <a 'java/lang/NoSuchMethodError'{0x00000000847faa08}: 'java.lang.Object java.lang.invoke.DirectMethodHandle$Holder.invokeStatic(java.lang.Object, java.lang.Object, java.lang.Object, java.lang.Object, java.lang.Object, java.lang.Object, java.lang.Object, java.lang.Object, java.lang.Object, java.lang.Object, java.lang.Object, java.lang.Object, java.lang.Object, java.lang.Object, java.lang.Object)'> (0x00000000847faa08) thrown at [./src/hotspot/share/interpreter/linkResolver.cpp, line 773]
Event: 19.359 Thread 0x0000022a26540800 Exception <a 'java/lang/NoSuchMethodError'{0x000000008460b6e8}: 'java.lang.Object java.lang.invoke.DirectMethodHandle$Holder.invokeStatic(java.lang.Object, java.lang.Object, java.lang.Object, java.lang.Object, java.lang.Object, java.lang.Object, java.lang.Object, java.lang.Object, java.lang.Object, java.lang.Object, java.lang.Object, java.lang.Object, java.lang.Object, java.lang.Object, java.lang.Object, java.lang.Object)'> (0x000000008460b6e8) thrown at [./src/hotspot/share/interpreter/linkResolver.cpp, l
Event: 19.360 Thread 0x0000022a26540800 Exception <a 'java/lang/NoSuchMethodError'{0x000000008461bc30}: 'java.lang.Object java.lang.invoke.DelegatingMethodHandle$Holder.reinvoke_L(java.lang.Object, java.lang.Object, java.lang.Object, java.lang.Object, java.lang.Object, java.lang.Object, java.lang.Object, java.lang.Object, java.lang.Object, java.lang.Object, java.lang.Object, java.lang.Object, java.lang.Object, java.lang.Object, java.lang.Object, java.lang.Object, java.lang.Object, java.lang.Object, java.lang.Object, java.lang.Object)'> (0x000000

Events (20 events):
Event: 22.707 Executing VM operation: RevokeBias
Event: 22.707 Executing VM operation: RevokeBias done
Event: 23.066 loading class org/gradle/internal/classpath/DefaultCachedClasspathTransformer$1
Event: 23.066 loading class org/gradle/internal/classpath/DefaultCachedClasspathTransformer$1 done
Event: 23.121 loading class org/gradle/internal/snapshot/MetadataSnapshot$1
Event: 23.121 loading class org/gradle/internal/snapshot/MetadataSnapshot$1 done
Event: 23.129 loading class org/gradle/internal/snapshot/AbstractListChildMap$2
Event: 23.129 loading class org/gradle/internal/snapshot/AbstractListChildMap$2 done
Event: 23.198 loading class org/gradle/internal/snapshot/LargeChildMap
Event: 23.198 loading class org/gradle/internal/snapshot/LargeChildMap done
Event: 23.602 Thread 0x0000022a2bc62800 Thread added: 0x0000022a2bc62800
Event: 23.605 Thread 0x0000022a2bc60800 Thread added: 0x0000022a2bc60800
Event: 23.606 Thread 0x0000022a2bc5f000 Thread added: 0x0000022a2bc5f000
Event: 23.606 Thread 0x0000022a25679000 Thread added: 0x0000022a25679000
Event: 23.606 Thread 0x0000022a2567a800 Thread added: 0x0000022a2567a800
Event: 23.606 Thread 0x0000022a2567d000 Thread added: 0x0000022a2567d000
Event: 23.606 Thread 0x0000022a2567b800 Thread added: 0x0000022a2567b800
Event: 23.606 Thread 0x0000022a2567c000 Thread added: 0x0000022a2567c000
Event: 23.607 Thread 0x0000022a2567f800 Thread added: 0x0000022a2567f800
Event: 23.646 Loaded shared library C:\Program Files\Android\Android Studio\jre\bin\java.dll


Dynamic libraries:
0x00007ff73dbd0000 - 0x00007ff73dbda000 	C:\Program Files\Android\Android Studio\jre\bin\java.exe
0x00007ffbe78b0000 - 0x00007ffbe7ac7000 	C:\Windows\SYSTEM32\ntdll.dll
0x00007ffbe6dd0000 - 0x00007ffbe6e94000 	C:\Windows\System32\KERNEL32.DLL
0x00007ffbe4f00000 - 0x00007ffbe52d3000 	C:\Windows\System32\KERNELBASE.dll
0x00007ffbe49a0000 - 0x00007ffbe4ab1000 	C:\Windows\System32\ucrtbase.dll
0x00007ffb8e830000 - 0x00007ffb8e849000 	C:\Program Files\Android\Android Studio\jre\bin\jli.dll
0x00007ffbe5660000 - 0x00007ffbe5811000 	C:\Windows\System32\USER32.dll
0x00007ffbe4e10000 - 0x00007ffbe4e36000 	C:\Windows\System32\win32u.dll
0x00007ffbe5ca0000 - 0x00007ffbe5cc9000 	C:\Windows\System32\GDI32.dll
0x00007ffbe5410000 - 0x00007ffbe5532000 	C:\Windows\System32\gdi32full.dll
0x00007ffbe4ac0000 - 0x00007ffbe4b5a000 	C:\Windows\System32\msvcp_win.dll
0x00007ffbd2240000 - 0x00007ffbd24db000 	C:\Windows\WinSxS\amd64_microsoft.windows.common-controls_6595b64144ccf1df_6.0.22621.5262_none_2712bde373830908\COMCTL32.dll
0x00007ffbe7040000 - 0x00007ffbe70e7000 	C:\Windows\System32\msvcrt.dll
0x00007ffb8d230000 - 0x00007ffb8d247000 	C:\Program Files\Android\Android Studio\jre\bin\VCRUNTIME140.dll
0x00007ffbe68e0000 - 0x00007ffbe6911000 	C:\Windows\System32\IMM32.DLL
0x00007ffb36a70000 - 0x00007ffb36b0d000 	C:\Program Files\Android\Android Studio\jre\bin\msvcp140.dll
0x00007ffb39860000 - 0x00007ffb3a362000 	C:\Program Files\Android\Android Studio\jre\bin\server\jvm.dll
0x00007ffbe6a30000 - 0x00007ffbe6ae1000 	C:\Windows\System32\ADVAPI32.dll
0x00007ffbe7110000 - 0x00007ffbe71b7000 	C:\Windows\System32\sechost.dll
0x00007ffbe53e0000 - 0x00007ffbe5408000 	C:\Windows\System32\bcrypt.dll
0x00007ffbe5540000 - 0x00007ffbe5654000 	C:\Windows\System32\RPCRT4.dll
0x00007ffbe77e0000 - 0x00007ffbe77e8000 	C:\Windows\System32\PSAPI.DLL
0x00007ffbd3740000 - 0x00007ffbd3749000 	C:\Windows\SYSTEM32\WSOCK32.dll
0x00007ffbe0fd0000 - 0x00007ffbe0fda000 	C:\Windows\SYSTEM32\VERSION.dll
0x00007ffbe0860000 - 0x00007ffbe0894000 	C:\Windows\SYSTEM32\WINMM.dll
0x00007ffbe77f0000 - 0x00007ffbe7861000 	C:\Windows\System32\WS2_32.dll
0x00007ffbe39e0000 - 0x00007ffbe39f8000 	C:\Windows\SYSTEM32\kernel.appcore.dll
0x00007ffbd3720000 - 0x00007ffbd3731000 	C:\Program Files\Android\Android Studio\jre\bin\verify.dll
0x00007ffbdf5f0000 - 0x00007ffbdf822000 	C:\Windows\SYSTEM32\DBGHELP.DLL
0x00007ffbe71c0000 - 0x00007ffbe7553000 	C:\Windows\System32\combase.dll
0x00007ffbe5cd0000 - 0x00007ffbe5da7000 	C:\Windows\System32\OLEAUT32.dll
0x00007ffbcffe0000 - 0x00007ffbd0012000 	C:\Windows\SYSTEM32\dbgcore.DLL
0x00007ffbe52e0000 - 0x00007ffbe535b000 	C:\Windows\System32\bcryptPrimitives.dll
0x00007ffbd36f0000 - 0x00007ffbd3719000 	C:\Program Files\Android\Android Studio\jre\bin\java.dll
0x00007ffbd20b0000 - 0x00007ffbd20bb000 	C:\Program Files\Android\Android Studio\jre\bin\jimage.dll
0x00007ffbcdec0000 - 0x00007ffbcded8000 	C:\Program Files\Android\Android Studio\jre\bin\zip.dll
0x00007ffbe5e70000 - 0x00007ffbe670d000 	C:\Windows\System32\SHELL32.dll
0x00007ffbe4cd0000 - 0x00007ffbe4e0f000 	C:\Windows\System32\wintypes.dll
0x00007ffbe28e0000 - 0x00007ffbe31fd000 	C:\Windows\SYSTEM32\windows.storage.dll
0x00007ffbe6ed0000 - 0x00007ffbe6fdb000 	C:\Windows\System32\SHCORE.dll
0x00007ffbe7560000 - 0x00007ffbe75c6000 	C:\Windows\System32\shlwapi.dll
0x00007ffbe48d0000 - 0x00007ffbe48fb000 	C:\Windows\SYSTEM32\profapi.dll
0x00007ffbcdea0000 - 0x00007ffbcdeba000 	C:\Program Files\Android\Android Studio\jre\bin\net.dll
0x00007ffbe0730000 - 0x00007ffbe085c000 	C:\Windows\SYSTEM32\WINHTTP.dll
0x00007ffbe3e60000 - 0x00007ffbe3eca000 	C:\Windows\system32\mswsock.dll
0x00007ffbcde80000 - 0x00007ffbcde94000 	C:\Program Files\Android\Android Studio\jre\bin\nio.dll
0x00007ffb73e50000 - 0x00007ffb73e77000 	C:\Users\saulo\.gradle\native\e1d6ef7f7dcc3fd88c89a11ec53ec762bb8ba0a96d01ffa2cd45eb1d1d8dd5c5\windows-amd64\native-platform.dll
0x00007ffb224d0000 - 0x00007ffb22614000 	C:\Users\saulo\.gradle\native\0d407fdbe67a94daf76414ababcb853783967236a71b16ec16e742cd7a986fd3\windows-amd64\native-platform-file-events.dll
0x00007ffbcde70000 - 0x00007ffbcde7a000 	C:\Program Files\Android\Android Studio\jre\bin\management.dll
0x00007ffbcde60000 - 0x00007ffbcde6d000 	C:\Program Files\Android\Android Studio\jre\bin\management_ext.dll
0x00007ffbe40c0000 - 0x00007ffbe40db000 	C:\Windows\SYSTEM32\CRYPTSP.dll
0x00007ffbe3940000 - 0x00007ffbe3977000 	C:\Windows\system32\rsaenh.dll
0x00007ffbe3f50000 - 0x00007ffbe3f78000 	C:\Windows\SYSTEM32\USERENV.dll
0x00007ffbe40b0000 - 0x00007ffbe40bc000 	C:\Windows\SYSTEM32\CRYPTBASE.dll
0x00007ffbe3460000 - 0x00007ffbe348d000 	C:\Windows\SYSTEM32\IPHLPAPI.DLL
0x00007ffbe6dc0000 - 0x00007ffbe6dc9000 	C:\Windows\System32\NSI.dll
0x00007ffbe0630000 - 0x00007ffbe0649000 	C:\Windows\SYSTEM32\dhcpcsvc6.DLL
0x00007ffbe0540000 - 0x00007ffbe055f000 	C:\Windows\SYSTEM32\dhcpcsvc.DLL
0x00007ffbe34d0000 - 0x00007ffbe35c8000 	C:\Windows\SYSTEM32\DNSAPI.dll

dbghelp: loaded successfully - version: 4.0.5 - missing functions: none
symbol engine: initialized successfully - sym options: 0x614 - pdb path: .;C:\Program Files\Android\Android Studio\jre\bin;C:\Windows\SYSTEM32;C:\Windows\WinSxS\amd64_microsoft.windows.common-controls_6595b64144ccf1df_6.0.22621.5262_none_2712bde373830908;C:\Program Files\Android\Android Studio\jre\bin\server;C:\Users\saulo\.gradle\native\e1d6ef7f7dcc3fd88c89a11ec53ec762bb8ba0a96d01ffa2cd45eb1d1d8dd5c5\windows-amd64;C:\Users\saulo\.gradle\native\0d407fdbe67a94daf76414ababcb853783967236a71b16ec16e742cd7a986fd3\windows-amd64

VM Arguments:
jvm_args: --add-opens=java.base/java.util=ALL-UNNAMED --add-opens=java.base/java.lang=ALL-UNNAMED --add-opens=java.base/java.lang.invoke=ALL-UNNAMED --add-opens=java.base/java.util=ALL-UNNAMED --add-opens=java.prefs/java.util.prefs=ALL-UNNAMED --add-opens=java.prefs/java.util.prefs=ALL-UNNAMED --add-opens=java.base/java.nio.charset=ALL-UNNAMED --add-opens=java.base/java.net=ALL-UNNAMED --add-opens=java.base/java.util.concurrent.atomic=ALL-UNNAMED -Xmx2048m -Dfile.encoding=UTF-8 -Duser.country=BR -Duser.language=pt -Duser.variant 
java_command: org.gradle.launcher.daemon.bootstrap.GradleDaemon 7.4
java_class_path (initial): C:\Users\saulo\.gradle\wrapper\dists\gradle-7.4-bin\c0gwcg53nkjbqw7r0h0umtfvt\gradle-7.4\lib\gradle-launcher-7.4.jar
Launcher Type: SUN_STANDARD

[Global flags]
     intx CICompilerCount                          = 4                                         {product} {ergonomic}
     uint ConcGCThreads                            = 3                                         {product} {ergonomic}
     uint G1ConcRefinementThreads                  = 10                                        {product} {ergonomic}
   size_t G1HeapRegionSize                         = 1048576                                   {product} {ergonomic}
    uintx GCDrainStackTargetSize                   = 64                                        {product} {ergonomic}
   size_t InitialHeapSize                          = 98566144                                  {product} {ergonomic}
   size_t MarkStackSize                            = 4194304                                   {product} {ergonomic}
   size_t MaxHeapSize                              = 2147483648                                {product} {command line}
   size_t MaxNewSize                               = 1287651328                                {product} {ergonomic}
   size_t MinHeapDeltaBytes                        = 1048576                                   {product} {ergonomic}
    uintx NonNMethodCodeHeapSize                   = 5836300                                {pd product} {ergonomic}
    uintx NonProfiledCodeHeapSize                  = 122910970                              {pd product} {ergonomic}
    uintx ProfiledCodeHeapSize                     = 122910970                              {pd product} {ergonomic}
    uintx ReservedCodeCacheSize                    = 251658240                              {pd product} {ergonomic}
     bool SegmentedCodeCache                       = true                                      {product} {ergonomic}
     bool UseCompressedClassPointers               = true                                 {lp64_product} {ergonomic}
     bool UseCompressedOops                        = true                                 {lp64_product} {ergonomic}
     bool UseG1GC                                  = true                                      {product} {ergonomic}
     bool UseLargePagesIndividualAllocation        = false                                  {pd product} {ergonomic}

Logging:
Log output configuration:
 #0: stdout all=warning uptime,level,tags
 #1: stderr all=off uptime,level,tags

Environment Variables:
PATH=C:\Program Files\Common Files\Oracle\Java\javapath;C:\Program Files (x86)\Common Files\Oracle\Java\java8path;C:\Program Files (x86)\Common Files\Oracle\Java\javapath;C:\Windows\system32;C:\Windows;C:\Windows\System32\Wbem;C:\Windows\System32\WindowsPowerShell\v1.0\;C:\Windows\System32\OpenSSH\;C:\Program Files\Java\jdk-22\bin;C:\Program Files\Git\cmd;C:\Users\saulo\AppData\Local\Programs\Python\Launcher\;C:\Users\saulo\AppData\Local\Programs\Python\Python312\Scripts\;C:\Users\saulo\AppData\Local\Programs\Python\Python312\;C:\Users\saulo\AppData\Local\Microsoft\WindowsApps;C:\Users\saulo\AppData\Local\Programs\Microsoft VS Code\bin;C:\Users\saulo\.cache\lm-studio\bin;C:\Users\saulo\AppData\Local\GitHubDesktop\bin
USERNAME=saulo
OS=Windows_NT
PROCESSOR_IDENTIFIER=AMD64 Family 23 Model 104 Stepping 1, AuthenticAMD



---------------  S Y S T E M  ---------------

OS: Windows 11 , 64 bit Build 22621 (10.0.22621.5262)
OS uptime: 0 days 1:50 hours

CPU:total 12 (initial active 12) (12 cores per cpu, 2 threads per core) family 23 model 104 stepping 1 microcode 0x0, cmov, cx8, fxsr, mmx, sse, sse2, sse3, ssse3, sse4.1, sse4.2, popcnt, avx, avx2, aes, clmul, mmxext, 3dnowpref, lzcnt, sse4a, ht, tsc, tscinvbit, tscinv, bmi1, bmi2, adx, sha, fma

Memory: 4k page, system-wide physical 5989M (35M free)
TotalPageFile size 24421M (AvailPageFile size 1M)
current process WorkingSet (physical memory assigned to process): 73M, peak: 242M
current process commit charge ("private bytes"): 291M, peak: 292M

vm_info: OpenJDK 64-Bit Server VM (11.0.13+0-b1751.21-8125866) for windows-amd64 JRE (11.0.13+0-b1751.21-8125866), built on Feb  2 2022 03:00:22 by "builder" with MS VC++ 14.0 (VS2015)

END.
